[PREINITIALIZATION][CLIENT][INFO] Current loaders after merging: [[preinit]]
[PREINITIALIZATION][CLIENT][INFO] Loading scripts for loader with names [preinit]
[PREINITIALIZATION][CLIENT][INFO] [preinit | SIDE_CLIENT]: Skipping file {[1000:crafttweaker]: SkillTree.zs} as we are currently loading with a different loader
[PREINITIALIZATION][CLIENT][INFO] [preinit | SIDE_CLIENT]: Skipping file {[0:crafttweaker]: CustomNPCs.zs} as we are currently loading with a different loader
[PREINITIALIZATION][CLIENT][INFO] [preinit | SIDE_CLIENT]: Skipping file {[0:crafttweaker]: Harvestcraft.zs} as we are currently loading with a different loader
[PREINITIALIZATION][CLIENT][INFO] [preinit | SIDE_CLIENT]: Skipping file {[0:crafttweaker]: IC2.zs} as we are currently loading with a different loader
[PREINITIALIZATION][CLIENT][INFO] [preinit | SIDE_CLIENT]: Skipping file {[0:crafttweaker]: sgcraft.zs} as we are currently loading with a different loader
[PREINITIALIZATION][CLIENT][INFO] Completed script loading in: 4ms
[INITIALIZATION][CLIENT][INFO] CraftTweaker: Building registry
[INITIALIZATION][CLIENT][INFO] CraftTweaker: Successfully built item registry
[INITIALIZATION][CLIENT][INFO] Current loaders after merging: [[preinit], [recipeevent | crafttweaker]]
[INITIALIZATION][CLIENT][INFO] Loading scripts for loader with names [crafttweaker | recipeevent]
[INITIALIZATION][CLIENT][INFO] [crafttweaker | SIDE_CLIENT]: Loading Script: {[1000:crafttweaker]: SkillTree.zs}
[INITIALIZATION][CLIENT][INFO] Created or Loaded Skill: compatskills:warrior - With Background: minecraft:textures/items/wooden_sword.png
[INITIALIZATION][CLIENT][INFO] Created or Loaded Skill: compatskills:soldier - With Background: minecraft:textures/items/iron_ingot.png
[INITIALIZATION][CLIENT][INFO] Created or Loaded Skill: compatskills:magister - With Background: minecraft:textures/items/iron_ingot.png
[INITIALIZATION][CLIENT][INFO] Created or Loaded Skill: compatskills:technician - With Background: minecraft:textures/items/iron_ingot.png
[INITIALIZATION][CLIENT][INFO] Created or Loaded Skill: compatskills:colonist - With Background: minecraft:textures/items/iron_ingot.png
[INITIALIZATION][CLIENT][INFO] [crafttweaker | SIDE_CLIENT]: Loading Script: {[0:crafttweaker]: CustomNPCs.zs}
[INITIALIZATION][CLIENT][INFO] Translating item.npcwand.name to NPC Wand - Editor
[INITIALIZATION][CLIENT][INFO] Translating item.npcmobcloner.name to NPC Wand - Cloner
[INITIALIZATION][CLIENT][INFO] Translating item.npcscripter.name to NPC Wand - Scripter
[INITIALIZATION][CLIENT][INFO] Translating item.npcmovingpath.name to NPC Wand - Path Outliner
[INITIALIZATION][CLIENT][INFO] Translating item.npcmounter.name to NPC Wand - Mounter
[INITIALIZATION][CLIENT][INFO] Translating item.npcteleporter.name to NPC Wand - Teleporter
[INITIALIZATION][CLIENT][INFO] [crafttweaker | SIDE_CLIENT]: Loading Script: {[0:crafttweaker]: Harvestcraft.zs}
[INITIALIZATION][CLIENT][INFO] Adding tooltip for <harvestcraft:aridgarden>: "A miracle of Ancient bioengineering, these beautiful"
[INITIALIZATION][CLIENT][INFO] Adding tooltip for <harvestcraft:aridgarden>: "miniature gardens are stuffed with various foods from"
[INITIALIZATION][CLIENT][INFO] Adding tooltip for <harvestcraft:aridgarden>: "Earth's arid regions."
[INITIALIZATION][CLIENT][INFO] Adding tooltip for <harvestcraft:frostgarden>: "A miracle of Ancient bioengineering, these beautiful"
[INITIALIZATION][CLIENT][INFO] Adding tooltip for <harvestcraft:frostgarden>: "miniature gardens are stuffed with various foods that"
[INITIALIZATION][CLIENT][INFO] Adding tooltip for <harvestcraft:frostgarden>: "grow best in colder climates."
[INITIALIZATION][CLIENT][INFO] Adding tooltip for <harvestcraft:shadedgarden>: "A miracle of Ancient bioengineering, these beautiful"
[INITIALIZATION][CLIENT][INFO] Adding tooltip for <harvestcraft:shadedgarden>: "miniature gardens are stuffed with various foods that grow best with limited sunlight."
[INITIALIZATION][CLIENT][INFO] Adding tooltip for <harvestcraft:soggygarden>: "A miracle of Ancient bioengineering, these beautiful"
[INITIALIZATION][CLIENT][INFO] Adding tooltip for <harvestcraft:soggygarden>: "miniature gardens are stuffed with various foods"
[INITIALIZATION][CLIENT][INFO] Adding tooltip for <harvestcraft:soggygarden>: "taken from Earth's more humid regions."
[INITIALIZATION][CLIENT][INFO] Adding tooltip for <harvestcraft:tropicalgarden>: "A miracle of Ancient bioengineering, these beautiful"
[INITIALIZATION][CLIENT][INFO] Adding tooltip for <harvestcraft:tropicalgarden>: "miniature gardens are stuffed with various foods from"
[INITIALIZATION][CLIENT][INFO] Adding tooltip for <harvestcraft:tropicalgarden>: "Earth's tropical regions."
[INITIALIZATION][CLIENT][INFO] Adding tooltip for <harvestcraft:windygarden>: "A miracle of Ancient bioengineering, these beautiful"
[INITIALIZATION][CLIENT][INFO] Adding tooltip for <harvestcraft:windygarden>: "miniature gardens are stuffed with various wind-resistant plants."
[INITIALIZATION][CLIENT][INFO] [crafttweaker | SIDE_CLIENT]: Loading Script: {[0:crafttweaker]: IC2.zs}
[INITIALIZATION][CLIENT][ERROR] IC2.zs:8: Could not resolve <IC2 : te>
[INITIALIZATION][CLIENT][ERROR] IC2.zs:9: Could not resolve <IC2 : te>
[INITIALIZATION][CLIENT][ERROR] [crafttweaker]: Error executing {[0:crafttweaker]: IC2.zs}: Truncated class file
java.lang.ClassFormatError: Truncated class file
	at java.lang.ClassLoader.defineClass1(Native Method)
	at java.lang.ClassLoader.defineClass(ClassLoader.java:760)
	at java.lang.ClassLoader.defineClass(ClassLoader.java:642)
	at stanhebben.zenscript.ZenModule$MyClassLoader.loadClass(ZenModule.java:419)
	at IC2.__script__(IC2.zs:8)
	at __ZenMain__.run(IC2)
	at crafttweaker.runtime.CrTTweaker.loadScript(CrTTweaker.java:240)
	at crafttweaker.runtime.CrTTweaker.loadScript(CrTTweaker.java:105)
	at crafttweaker.mc1120.events.CommonEventHandler.registerRecipes(CommonEventHandler.java:71)
	at net.minecraftforge.fml.common.eventhandler.ASMEventHandler_448_CommonEventHandler_registerRecipes_Register.invoke(.dynamic)
	at net.minecraftforge.fml.common.eventhandler.ASMEventHandler.invoke(ASMEventHandler.java:90)
	at net.minecraftforge.fml.common.eventhandler.EventBus$1.invoke(EventBus.java:144)
	at net.minecraftforge.fml.common.eventhandler.EventBus.post(EventBus.java:182)
	at net.minecraftforge.registries.GameData.fireRegistryEvents(GameData.java:857)
	at net.minecraftforge.common.crafting.CraftingHelper.loadRecipes(CraftingHelper.java:636)
	at net.minecraftforge.fml.common.Loader.initializeMods(Loader.java:747)
	at net.minecraftforge.fml.client.FMLClientHandler.finishMinecraftLoading(FMLClientHandler.java:336)
	at net.minecraft.client.Minecraft.func_71384_a(Minecraft.java:535)
	at sun.reflect.NativeMethodAccessorImpl.invoke0(Native Method)
	at sun.reflect.NativeMethodAccessorImpl.invoke(NativeMethodAccessorImpl.java:62)
	at sun.reflect.DelegatingMethodAccessorImpl.invoke(DelegatingMethodAccessorImpl.java:43)
	at java.lang.reflect.Method.invoke(Method.java:497)
	at com.wildbamaboy.crashtomainmenu.asm.ASMHooks.onMinecraftRun(ASMHooks.java:37)
	at net.minecraft.client.Minecraft.func_99999_d(Minecraft.java:374)
	at net.minecraft.client.main.Main.main(SourceFile:123)
	at sun.reflect.NativeMethodAccessorImpl.invoke0(Native Method)
	at sun.reflect.NativeMethodAccessorImpl.invoke(NativeMethodAccessorImpl.java:62)
	at sun.reflect.DelegatingMethodAccessorImpl.invoke(DelegatingMethodAccessorImpl.java:43)
	at java.lang.reflect.Method.invoke(Method.java:497)
	at net.minecraft.launchwrapper.Launch.launch(Launch.java:135)
	at net.minecraft.launchwrapper.Launch.main(Launch.java:28)
[INITIALIZATION][CLIENT][INFO] [crafttweaker | SIDE_CLIENT]: Loading Script: {[0:crafttweaker]: sgcraft.zs}
[INITIALIZATION][CLIENT][INFO] Translating tile.sgcraft:naquadahOre.name to Hyperium Ore
[INITIALIZATION][CLIENT][INFO] Adding tooltip for <sgcraft:naquadahore>: "This mineral is so dense, it feels as if"
[INITIALIZATION][CLIENT][INFO] Adding tooltip for <sgcraft:naquadahore>: "the fabric of reality itself buckles around it."
[INITIALIZATION][CLIENT][INFO] Translating item.sgcraft:naquadah.name to Hyperium
[INITIALIZATION][CLIENT][INFO] Adding tooltip for <sgcraft:naquadah>: "This mysterious mineral's insane density distorts"
[INITIALIZATION][CLIENT][INFO] Adding tooltip for <sgcraft:naquadah>: "the fabric of space and time. The Ancients used this"
[INITIALIZATION][CLIENT][INFO] Adding tooltip for <sgcraft:naquadah>: "property to power Stargates."
[INITIALIZATION][CLIENT][INFO] Translating item.sgcraft:naquadahIngot.name to Hyperium Ingot
[INITIALIZATION][CLIENT][INFO] Adding tooltip for <sgcraft:naquadahingot>: "An extremely-dense alloy used by the Ancients to contain"
[INITIALIZATION][CLIENT][INFO] Adding tooltip for <sgcraft:naquadahingot>: "the chaotic forces involved in folding spacetime."
[INITIALIZATION][CLIENT][INFO] Translating tile.sgcraft:naquadahBlock.name to Hyperium Block
[INITIALIZATION][CLIENT][INFO] Adding tooltip for <sgcraft:naquadahblock>: "An extremely-dense alloy used by the Ancients to contain"
[INITIALIZATION][CLIENT][INFO] Adding tooltip for <sgcraft:naquadahblock>: "the chaotic forces involved in folding spacetime."
[INITIALIZATION][CLIENT][INFO] Completed script loading in: 873ms
[INITIALIZATION][CLIENT][INFO] Translating item.npcwand.name to NPC Wand - Editor
[INITIALIZATION][CLIENT][INFO] Translating item.npcmobcloner.name to NPC Wand - Cloner
[INITIALIZATION][CLIENT][INFO] Translating item.npcscripter.name to NPC Wand - Scripter
[INITIALIZATION][CLIENT][INFO] Translating item.npcmovingpath.name to NPC Wand - Path Outliner
[INITIALIZATION][CLIENT][INFO] Translating item.npcmounter.name to NPC Wand - Mounter
[INITIALIZATION][CLIENT][INFO] Translating item.npcteleporter.name to NPC Wand - Teleporter
[INITIALIZATION][CLIENT][INFO] Translating tile.sgcraft:naquadahOre.name to Hyperium Ore
[INITIALIZATION][CLIENT][INFO] Translating item.sgcraft:naquadah.name to Hyperium
[INITIALIZATION][CLIENT][INFO] Translating item.sgcraft:naquadahIngot.name to Hyperium Ingot
[INITIALIZATION][CLIENT][INFO] Translating tile.sgcraft:naquadahBlock.name to Hyperium Block
[POSTINITIALIZATION][CLIENT][INFO] Removing recipes for various outputs
[POSTINITIALIZATION][CLIENT][INFO] Applying MrCrayfish's Furniture Mod changes...
[AVAILABLE][CLIENT][INFO] Fixed the RecipeBook
[AVAILABLE][CLIENT][INFO] Current loaders after merging: [[preinit], [crafttweaker | recipeevent], [bindtweaker]]
[AVAILABLE][CLIENT][INFO] Loading scripts for loader with names [bindtweaker]
[AVAILABLE][CLIENT][INFO] [bindtweaker | SIDE_CLIENT]: Skipping file {[1000:crafttweaker]: SkillTree.zs} as we are currently loading with a different loader
[AVAILABLE][CLIENT][INFO] [bindtweaker | SIDE_CLIENT]: Skipping file {[0:crafttweaker]: CustomNPCs.zs} as we are currently loading with a different loader
[AVAILABLE][CLIENT][INFO] [bindtweaker | SIDE_CLIENT]: Skipping file {[0:crafttweaker]: Harvestcraft.zs} as we are currently loading with a different loader
[AVAILABLE][CLIENT][INFO] [bindtweaker | SIDE_CLIENT]: Skipping file {[0:crafttweaker]: IC2.zs} as we are currently loading with a different loader
[AVAILABLE][CLIENT][INFO] [bindtweaker | SIDE_CLIENT]: Skipping file {[0:crafttweaker]: sgcraft.zs} as we are currently loading with a different loader
[AVAILABLE][CLIENT][INFO] Completed script loading in: 0ms
