8.1.1 21-12-2021 11:21:40 Starting new session. Mods: examplemod 
8.1.1 21-12-2021 11:23:57 MAJOR: null: Loading language: en_us
8.1.1 21-12-2021 11:23:58 MAJOR: null: LanguageData loaded: en_us. Wand invitem name: Wand of Summoning
8.1.1 21-12-2021 15:39:51 Starting new session. Mods: examplemod 
8.1.1 21-12-2021 15:42:16 MAJOR: null: Loading language: en_us
8.1.1 21-12-2021 15:42:28 MAJOR: null: LanguageData loaded: en_us. Wand invitem name: Wand of Summoning
8.1.1 21-12-2021 15:45:28 Starting new session. Mods: examplemod 
8.1.1 21-12-2021 15:47:16 MAJOR: null: Loading language: en_us
8.1.1 21-12-2021 15:47:18 MAJOR: null: LanguageData loaded: en_us. Wand invitem name: Wand of Summoning
8.1.1 21-12-2021 15:58:06 ERROR: Urgiixik Tagluk/inuit_madman2/7194962612899001700/845/69/-1025: Villager is far away from village. Despawning him.
8.1.1 21-12-2021 15:58:08 ERROR: Auma Nunuqsibiixaq/inuit_madman/2812932906118521448/846/69/-1028: Villager is far away from village. Despawning him.
8.1.1 21-12-2021 15:58:08 ERROR: Qasigiaq Atka/inuit_madman/4360521409642477614/847/70/-1030: Villager is far away from village. Despawning him.
8.1.1 21-12-2021 16:01:58 ERROR: Urgiixik Tagluk/inuit_madman2/7194962612899001700/850/70/-1041: Villager is far away from village. Despawning him.
8.1.1 21-12-2021 16:02:04 ERROR: Auma Nunuqsibiixaq/inuit_madman/2812932906118521448/852/70/-1053: Villager is far away from village. Despawning him.
8.1.1 21-12-2021 16:02:15 ERROR: Qasigiaq Atka/inuit_madman/4360521409642477614/852/69/-1057: Villager is far away from village. Despawning him.
8.1.1 21-12-2021 16:28:55 ERROR: org.millenaire.client.network.ClientReceiver@1e493f3e: Received a packet despite null clientWorld.
8.1.1 21-12-2021 17:59:40 ERROR: org.millenaire.common.pathing.atomicstryker.AStarWorkerJPS@5d3be724: Chunk access violation while calculating a path for org.millenaire.common.pathing.atomicstryker.AStarPathPlannerJPS@53fc032b
8.1.1 21-12-2021 17:59:41 ERROR: org.millenaire.common.pathing.atomicstryker.AStarWorkerJPS@487ea018: Chunk access violation while calculating a path for org.millenaire.common.pathing.atomicstryker.AStarPathPlannerJPS@53fc032b
8.1.1 21-12-2021 18:18:04 ERROR: org.millenaire.common.pathing.atomicstryker.AStarWorkerJPS@48026b3f: Chunk access violation while calculating a path for org.millenaire.common.pathing.atomicstryker.AStarPathPlannerJPS@53fc032b
8.1.1 21-12-2021 19:30:50 Starting new session. Mods: examplemod 
8.1.1 21-12-2021 19:33:05 MAJOR: null: Loading language: en_us
8.1.1 21-12-2021 19:33:21 MAJOR: null: LanguageData loaded: en_us. Wand invitem name: Wand of Summoning
8.1.1 21-12-2021 19:35:35 Starting new session. Mods: examplemod 
8.1.1 21-12-2021 19:37:22 MAJOR: null: Loading language: en_us
8.1.1 21-12-2021 19:37:24 MAJOR: null: LanguageData loaded: en_us. Wand invitem name: Wand of Summoning
8.1.1 21-12-2021 19:59:14 ERROR: org.millenaire.common.pathing.atomicstryker.AStarWorkerJPS@7e2cfd47: Chunk access violation while calculating a path for org.millenaire.common.pathing.atomicstryker.AStarPathPlannerJPS@70eb1d2a
8.1.1 21-12-2021 20:00:28 ERROR: org.millenaire.common.pathing.atomicstryker.AStarWorkerJPS@43d1bc8f: Chunk access violation while calculating a path for org.millenaire.common.pathing.atomicstryker.AStarPathPlannerJPS@70eb1d2a
8.1.1 21-12-2021 20:08:49 ERROR: org.millenaire.common.pathing.atomicstryker.AStarWorkerJPS@67bdf167: Chunk access violation while calculating a path for org.millenaire.common.pathing.atomicstryker.AStarPathPlannerJPS@70eb1d2a
8.1.1 21-12-2021 20:09:36 ERROR: org.millenaire.common.pathing.atomicstryker.AStarWorkerJPS@3d438642: Chunk access violation while calculating a path for org.millenaire.common.pathing.atomicstryker.AStarPathPlannerJPS@70eb1d2a
8.1.1 21-12-2021 20:12:45 ERROR: org.millenaire.common.pathing.atomicstryker.AStarWorkerJPS@7f076846: Chunk access violation while calculating a path for org.millenaire.common.pathing.atomicstryker.AStarPathPlannerJPS@70eb1d2a
8.1.1 21-12-2021 20:15:38 ERROR: org.millenaire.common.pathing.atomicstryker.AStarWorkerJPS@72485d32: Chunk access violation while calculating a path for org.millenaire.common.pathing.atomicstryker.AStarPathPlannerJPS@70eb1d2a
8.1.1 21-12-2021 20:23:45 ERROR: org.millenaire.common.pathing.atomicstryker.AStarWorkerJPS@3f96cb9d: Chunk access violation while calculating a path for org.millenaire.common.pathing.atomicstryker.AStarPathPlannerJPS@70eb1d2a
8.1.1 21-12-2021 20:36:36 ERROR: org.millenaire.common.pathing.atomicstryker.AStarWorkerJPS@69ddbb46: Chunk access violation while calculating a path for org.millenaire.common.pathing.atomicstryker.AStarPathPlannerJPS@70eb1d2a
8.1.1 21-12-2021 20:58:25 ERROR: org.millenaire.common.pathing.atomicstryker.AStarWorkerJPS@32c376d0: Chunk access violation while calculating a path for org.millenaire.common.pathing.atomicstryker.AStarPathPlannerJPS@70eb1d2a
8.1.1 22-12-2021 18:57:26 Starting new session. Mods: examplemod 
8.1.1 22-12-2021 19:01:32 MAJOR: null: Loading language: en_us
8.1.1 22-12-2021 19:01:48 MAJOR: null: LanguageData loaded: en_us. Wand invitem name: Wand of Summoning
8.1.1 22-12-2021 19:06:31 ERROR: org.millenaire.client.network.ClientReceiver@5bde6c8b: Received a packet despite null clientWorld.
8.1.1 22-12-2021 21:49:17 Starting new session. Mods: examplemod 
8.1.1 22-12-2021 21:53:55 Starting new session. Mods: examplemod 
8.1.1 22-12-2021 21:57:05 MAJOR: null: Loading language: en_us
8.1.1 22-12-2021 21:57:19 MAJOR: null: LanguageData loaded: en_us. Wand invitem name: Wand of Summoning
8.1.1 22-12-2021 22:08:47 ERROR: org.millenaire.client.network.ClientReceiver@3d20362b: Received a packet despite null clientWorld.
8.1.1 22-12-2021 22:08:47 ERROR: org.millenaire.client.network.ClientReceiver@3d20362b: Received a packet despite null clientWorld.
8.1.1 22-12-2021 22:08:47 ERROR: org.millenaire.client.network.ClientReceiver@3d20362b: Received a packet despite null clientWorld.
8.1.1 22-12-2021 22:08:47 ERROR: org.millenaire.client.network.ClientReceiver@3d20362b: Received a packet despite null clientWorld.
8.1.1 22-12-2021 22:08:47 ERROR: org.millenaire.client.network.ClientReceiver@3d20362b: Received a packet despite null clientWorld.
8.1.1 22-12-2021 22:08:47 ERROR: org.millenaire.client.network.ClientReceiver@3d20362b: Received a packet despite null clientWorld.
8.1.1 23-12-2021 17:18:42 ERROR: org.millenaire.client.network.ClientReceiver@3d20362b: Received a packet despite null clientWorld.
8.1.1 23-12-2021 19:39:20 Starting new session. Mods: examplemod 
8.1.1 23-12-2021 19:42:01 MAJOR: null: Loading language: en_us
8.1.1 23-12-2021 19:42:13 MAJOR: null: LanguageData loaded: en_us. Wand invitem name: Wand of Summoning
8.1.1 23-12-2021 19:54:26 ERROR: org.millenaire.client.network.ClientReceiver@5d2e0f1a: Received a packet despite null clientWorld.
8.1.1 23-12-2021 20:00:16 ERROR: org.millenaire.client.network.ClientReceiver@5d2e0f1a: Received a packet despite null clientWorld.
8.1.1 23-12-2021 20:51:50 Starting new session. Mods: examplemod 
8.1.1 23-12-2021 20:54:12 MAJOR: null: Loading language: en_us
8.1.1 23-12-2021 20:54:22 MAJOR: null: LanguageData loaded: en_us. Wand invitem name: Wand of Summoning
8.1.1 23-12-2021 20:58:48 ERROR: org.millenaire.client.network.ClientReceiver@b4c8bb4: Received a packet despite null clientWorld.
8.1.1 23-12-2021 21:18:44 ERROR: org.millenaire.client.network.ClientReceiver@b4c8bb4: Received a packet despite null clientWorld.
8.1.1 23-12-2021 21:23:52 Starting new session. Mods: examplemod 
8.1.1 23-12-2021 21:26:07 MAJOR: null: Loading language: en_us
8.1.1 23-12-2021 21:26:09 MAJOR: null: LanguageData loaded: en_us. Wand invitem name: Wand of Summoning
8.1.1 23-12-2021 21:34:08 ERROR: org.millenaire.client.network.ClientReceiver@75a5d0d6: Received a packet despite null clientWorld.
8.1.1 23-12-2021 21:54:54 ERROR: org.millenaire.client.network.ClientReceiver@75a5d0d6: Received a packet despite null clientWorld.
8.1.1 23-12-2021 21:54:54 ERROR: org.millenaire.client.network.ClientReceiver@75a5d0d6: Received a packet despite null clientWorld.
8.1.1 23-12-2021 21:54:54 ERROR: org.millenaire.client.network.ClientReceiver@75a5d0d6: Received a packet despite null clientWorld.
8.1.1 23-12-2021 21:54:54 ERROR: org.millenaire.client.network.ClientReceiver@75a5d0d6: Received a packet despite null clientWorld.
8.1.1 23-12-2021 21:54:54 ERROR: org.millenaire.client.network.ClientReceiver@75a5d0d6: Received a packet despite null clientWorld.
8.1.1 23-12-2021 21:58:29 Starting new session. Mods: examplemod 
8.1.1 23-12-2021 22:01:11 MAJOR: null: Loading language: en_us
8.1.1 23-12-2021 22:01:13 MAJOR: null: LanguageData loaded: en_us. Wand invitem name: Wand of Summoning
8.1.1 23-12-2021 22:28:29 ERROR: org.millenaire.client.network.ClientReceiver@51d127f6: Received a packet despite null clientWorld.
8.1.1 23-12-2021 22:41:04 ERROR: org.millenaire.common.village.buildingmanagers.PanelManager@1db01794: No TileEntitySign at: -93/74/183
8.1.1 23-12-2021 22:41:09 ERROR: org.millenaire.common.village.buildingmanagers.PanelManager@1db01794: No TileEntitySign at: -93/74/183
8.1.1 23-12-2021 22:41:14 ERROR: org.millenaire.common.village.buildingmanagers.PanelManager@1db01794: No TileEntitySign at: -93/74/183
8.1.1 23-12-2021 22:41:19 ERROR: org.millenaire.common.village.buildingmanagers.PanelManager@1db01794: No TileEntitySign at: -93/74/183
8.1.1 23-12-2021 22:41:24 ERROR: org.millenaire.common.village.buildingmanagers.PanelManager@1db01794: No TileEntitySign at: -93/74/183
8.1.1 23-12-2021 22:41:29 ERROR: org.millenaire.common.village.buildingmanagers.PanelManager@1db01794: No TileEntitySign at: -93/74/183
8.1.1 23-12-2021 22:41:34 ERROR: org.millenaire.common.village.buildingmanagers.PanelManager@1db01794: No TileEntitySign at: -93/74/183
8.1.1 23-12-2021 22:41:39 ERROR: org.millenaire.common.village.buildingmanagers.PanelManager@1db01794: No TileEntitySign at: -93/74/183
8.1.1 23-12-2021 22:41:44 ERROR: org.millenaire.common.village.buildingmanagers.PanelManager@1db01794: No TileEntitySign at: -93/74/183
8.1.1 23-12-2021 22:41:49 ERROR: org.millenaire.common.village.buildingmanagers.PanelManager@1db01794: No TileEntitySign at: -93/74/183
8.1.1 23-12-2021 22:41:54 ERROR: org.millenaire.common.village.buildingmanagers.PanelManager@1db01794: No TileEntitySign at: -93/74/183
8.1.1 23-12-2021 22:41:59 ERROR: org.millenaire.common.village.buildingmanagers.PanelManager@1db01794: No TileEntitySign at: -93/74/183
8.1.1 23-12-2021 22:42:04 ERROR: org.millenaire.common.village.buildingmanagers.PanelManager@1db01794: No TileEntitySign at: -93/74/183
8.1.1 23-12-2021 22:42:09 ERROR: org.millenaire.common.village.buildingmanagers.PanelManager@1db01794: No TileEntitySign at: -93/74/183
8.1.1 23-12-2021 22:42:14 ERROR: org.millenaire.common.village.buildingmanagers.PanelManager@1db01794: No TileEntitySign at: -93/74/183
8.1.1 23-12-2021 22:42:19 ERROR: org.millenaire.common.village.buildingmanagers.PanelManager@1db01794: No TileEntitySign at: -93/74/183
8.1.1 23-12-2021 22:42:24 ERROR: org.millenaire.common.village.buildingmanagers.PanelManager@1db01794: No TileEntitySign at: -93/74/183
8.1.1 23-12-2021 22:42:29 ERROR: org.millenaire.common.village.buildingmanagers.PanelManager@1db01794: No TileEntitySign at: -93/74/183
8.1.1 23-12-2021 22:42:34 ERROR: org.millenaire.common.village.buildingmanagers.PanelManager@1db01794: No TileEntitySign at: -93/74/183
8.1.1 23-12-2021 22:42:40 ERROR: org.millenaire.common.village.buildingmanagers.PanelManager@1db01794: No TileEntitySign at: -93/74/183
8.1.1 23-12-2021 22:42:45 ERROR: org.millenaire.common.village.buildingmanagers.PanelManager@1db01794: No TileEntitySign at: -93/74/183
8.1.1 23-12-2021 22:42:50 ERROR: org.millenaire.common.village.buildingmanagers.PanelManager@1db01794: No TileEntitySign at: -93/74/183
8.1.1 23-12-2021 22:42:55 ERROR: org.millenaire.common.village.buildingmanagers.PanelManager@1db01794: No TileEntitySign at: -93/74/183
8.1.1 23-12-2021 22:43:00 ERROR: org.millenaire.common.village.buildingmanagers.PanelManager@1db01794: No TileEntitySign at: -93/74/183
8.1.1 23-12-2021 22:43:05 ERROR: org.millenaire.common.village.buildingmanagers.PanelManager@1db01794: No TileEntitySign at: -93/74/183
8.1.1 23-12-2021 22:43:10 ERROR: org.millenaire.common.village.buildingmanagers.PanelManager@1db01794: No TileEntitySign at: -93/74/183
8.1.1 23-12-2021 22:43:15 ERROR: org.millenaire.common.village.buildingmanagers.PanelManager@1db01794: No TileEntitySign at: -93/74/183
8.1.1 23-12-2021 22:45:06 ERROR: org.millenaire.common.village.buildingmanagers.PanelManager@1db01794: No TileEntitySign at: -93/74/183
8.1.1 23-12-2021 22:45:11 ERROR: org.millenaire.common.village.buildingmanagers.PanelManager@1db01794: No TileEntitySign at: -93/74/183
8.1.1 23-12-2021 22:45:16 ERROR: org.millenaire.common.village.buildingmanagers.PanelManager@1db01794: No TileEntitySign at: -93/74/183
8.1.1 23-12-2021 22:45:21 ERROR: org.millenaire.common.village.buildingmanagers.PanelManager@1db01794: No TileEntitySign at: -93/74/183
8.1.1 23-12-2021 23:17:49 Exception when finding JPS path:
8.1.1 23-12-2021 23:17:49 java.lang.ArrayStoreException: net.minecraft.pathfinding.PathPoint
	at net.minecraft.pathfinding.Path.func_186309_a(SourceFile:43)
	at net.minecraft.pathfinding.PathNavigate.func_75487_m(SourceFile:324)
	at net.minecraft.pathfinding.PathNavigateGround.func_75487_m(SourceFile:96)
	at net.minecraft.pathfinding.PathNavigate.func_75484_a(SourceFile:159)
	at org.millenaire.common.entity.MillVillager.registerNewPath(MillVillager.java:3060)
	at org.millenaire.common.entity.MillVillager.applyPathCalculatedSinceLastTick(MillVillager.java:443)
	at org.millenaire.common.entity.MillVillager.func_70071_h_(MillVillager.java:2347)
	at net.minecraft.world.World.func_72866_a(World.java:1996)
	at net.minecraft.world.WorldServer.func_72866_a(WorldServer.java:832)
	at net.minecraft.world.World.func_72870_g(World.java:1958)
	at net.minecraft.world.World.func_72939_s(World.java:1762)
	at net.minecraft.world.WorldServer.func_72939_s(WorldServer.java:613)
	at net.minecraft.server.MinecraftServer.func_71190_q(MinecraftServer.java:767)
	at net.minecraft.server.MinecraftServer.func_71217_p(MinecraftServer.java:668)
	at net.minecraft.server.integrated.IntegratedServer.func_71217_p(IntegratedServer.java:185)
	at net.minecraft.server.MinecraftServer.run(MinecraftServer.java:526)
	at java.lang.Thread.run(Thread.java:745)

8.1.1 23-12-2021 23:17:49 Exception when finding JPS path:
8.1.1 23-12-2021 23:17:49 java.lang.ArrayStoreException: net.minecraft.pathfinding.PathPoint
	at net.minecraft.pathfinding.Path.func_186309_a(SourceFile:43)
	at net.minecraft.pathfinding.PathNavigate.func_75487_m(SourceFile:324)
	at net.minecraft.pathfinding.PathNavigateGround.func_75487_m(SourceFile:96)
	at net.minecraft.pathfinding.PathNavigate.func_75484_a(SourceFile:159)
	at org.millenaire.common.entity.MillVillager.registerNewPath(MillVillager.java:3060)
	at org.millenaire.common.entity.MillVillager.applyPathCalculatedSinceLastTick(MillVillager.java:443)
	at org.millenaire.common.entity.MillVillager.func_70071_h_(MillVillager.java:2347)
	at net.minecraft.world.World.func_72866_a(World.java:1996)
	at net.minecraft.world.WorldServer.func_72866_a(WorldServer.java:832)
	at net.minecraft.world.World.func_72870_g(World.java:1958)
	at net.minecraft.world.World.func_72939_s(World.java:1762)
	at net.minecraft.world.WorldServer.func_72939_s(WorldServer.java:613)
	at net.minecraft.server.MinecraftServer.func_71190_q(MinecraftServer.java:767)
	at net.minecraft.server.MinecraftServer.func_71217_p(MinecraftServer.java:668)
	at net.minecraft.server.integrated.IntegratedServer.func_71217_p(IntegratedServer.java:185)
	at net.minecraft.server.MinecraftServer.run(MinecraftServer.java:526)
	at java.lang.Thread.run(Thread.java:745)

8.1.1 23-12-2021 23:17:49 Exception when finding JPS path:
8.1.1 23-12-2021 23:17:49 java.lang.ArrayStoreException: net.minecraft.pathfinding.PathPoint
	at net.minecraft.pathfinding.Path.func_186309_a(SourceFile:43)
	at net.minecraft.pathfinding.PathNavigate.func_75487_m(SourceFile:324)
	at net.minecraft.pathfinding.PathNavigateGround.func_75487_m(SourceFile:96)
	at net.minecraft.pathfinding.PathNavigate.func_75484_a(SourceFile:159)
	at org.millenaire.common.entity.MillVillager.registerNewPath(MillVillager.java:3060)
	at org.millenaire.common.entity.MillVillager.applyPathCalculatedSinceLastTick(MillVillager.java:443)
	at org.millenaire.common.entity.MillVillager.func_70071_h_(MillVillager.java:2347)
	at net.minecraft.world.World.func_72866_a(World.java:1996)
	at net.minecraft.world.WorldServer.func_72866_a(WorldServer.java:832)
	at net.minecraft.world.World.func_72870_g(World.java:1958)
	at net.minecraft.world.World.func_72939_s(World.java:1762)
	at net.minecraft.world.WorldServer.func_72939_s(WorldServer.java:613)
	at net.minecraft.server.MinecraftServer.func_71190_q(MinecraftServer.java:767)
	at net.minecraft.server.MinecraftServer.func_71217_p(MinecraftServer.java:668)
	at net.minecraft.server.integrated.IntegratedServer.func_71217_p(IntegratedServer.java:185)
	at net.minecraft.server.MinecraftServer.run(MinecraftServer.java:526)
	at java.lang.Thread.run(Thread.java:745)

8.1.1 23-12-2021 23:17:49 Exception when finding JPS path:
8.1.1 23-12-2021 23:17:49 java.lang.ArrayStoreException: net.minecraft.pathfinding.PathPoint
	at net.minecraft.pathfinding.Path.func_186309_a(SourceFile:43)
	at net.minecraft.pathfinding.PathNavigate.func_75487_m(SourceFile:324)
	at net.minecraft.pathfinding.PathNavigateGround.func_75487_m(SourceFile:96)
	at net.minecraft.pathfinding.PathNavigate.func_75484_a(SourceFile:159)
	at org.millenaire.common.entity.MillVillager.registerNewPath(MillVillager.java:3060)
	at org.millenaire.common.entity.MillVillager.applyPathCalculatedSinceLastTick(MillVillager.java:443)
	at org.millenaire.common.entity.MillVillager.func_70071_h_(MillVillager.java:2347)
	at net.minecraft.world.World.func_72866_a(World.java:1996)
	at net.minecraft.world.WorldServer.func_72866_a(WorldServer.java:832)
	at net.minecraft.world.World.func_72870_g(World.java:1958)
	at net.minecraft.world.World.func_72939_s(World.java:1762)
	at net.minecraft.world.WorldServer.func_72939_s(WorldServer.java:613)
	at net.minecraft.server.MinecraftServer.func_71190_q(MinecraftServer.java:767)
	at net.minecraft.server.MinecraftServer.func_71217_p(MinecraftServer.java:668)
	at net.minecraft.server.integrated.IntegratedServer.func_71217_p(IntegratedServer.java:185)
	at net.minecraft.server.MinecraftServer.run(MinecraftServer.java:526)
	at java.lang.Thread.run(Thread.java:745)

8.1.1 23-12-2021 23:17:49 Exception when finding JPS path:
8.1.1 23-12-2021 23:17:49 java.lang.ArrayStoreException: net.minecraft.pathfinding.PathPoint
	at net.minecraft.pathfinding.Path.func_186309_a(SourceFile:43)
	at net.minecraft.pathfinding.PathNavigate.func_75487_m(SourceFile:324)
	at net.minecraft.pathfinding.PathNavigateGround.func_75487_m(SourceFile:96)
	at net.minecraft.pathfinding.PathNavigate.func_75484_a(SourceFile:159)
	at org.millenaire.common.entity.MillVillager.registerNewPath(MillVillager.java:3060)
	at org.millenaire.common.entity.MillVillager.applyPathCalculatedSinceLastTick(MillVillager.java:443)
	at org.millenaire.common.entity.MillVillager.func_70071_h_(MillVillager.java:2347)
	at net.minecraft.world.World.func_72866_a(World.java:1996)
	at net.minecraft.world.WorldServer.func_72866_a(WorldServer.java:832)
	at net.minecraft.world.World.func_72870_g(World.java:1958)
	at net.minecraft.world.World.func_72939_s(World.java:1762)
	at net.minecraft.world.WorldServer.func_72939_s(WorldServer.java:613)
	at net.minecraft.server.MinecraftServer.func_71190_q(MinecraftServer.java:767)
	at net.minecraft.server.MinecraftServer.func_71217_p(MinecraftServer.java:668)
	at net.minecraft.server.integrated.IntegratedServer.func_71217_p(IntegratedServer.java:185)
	at net.minecraft.server.MinecraftServer.run(MinecraftServer.java:526)
	at java.lang.Thread.run(Thread.java:745)

8.1.1 23-12-2021 23:17:49 Repeat exception x6: Exception when finding JPS path: - net.minecraft.pathfinding.PathPoint @ net.minecraft.pathfinding.Path.func_186309_a(SourceFile:43)
8.1.1 23-12-2021 23:17:49 Repeat exception x7: Exception when finding JPS path: - net.minecraft.pathfinding.PathPoint @ net.minecraft.pathfinding.Path.func_186309_a(SourceFile:43)
8.1.1 23-12-2021 23:17:49 Repeat exception x8: Exception when finding JPS path: - net.minecraft.pathfinding.PathPoint @ net.minecraft.pathfinding.Path.func_186309_a(SourceFile:43)
8.1.1 23-12-2021 23:17:50 Repeat exception x9: Exception when finding JPS path: - net.minecraft.pathfinding.PathPoint @ net.minecraft.pathfinding.Path.func_186309_a(SourceFile:43)
8.1.1 23-12-2021 23:17:50 Repeat exception x10: Exception when finding JPS path: - net.minecraft.pathfinding.PathPoint @ net.minecraft.pathfinding.Path.func_186309_a(SourceFile:43)
8.1.1 23-12-2021 23:17:50 Repeat exception x11: Exception when finding JPS path: - net.minecraft.pathfinding.PathPoint @ net.minecraft.pathfinding.Path.func_186309_a(SourceFile:43)
8.1.1 23-12-2021 23:17:50 Repeat exception x12: Exception when finding JPS path: - net.minecraft.pathfinding.PathPoint @ net.minecraft.pathfinding.Path.func_186309_a(SourceFile:43)
8.1.1 23-12-2021 23:17:50 Repeat exception x13: Exception when finding JPS path: - net.minecraft.pathfinding.PathPoint @ net.minecraft.pathfinding.Path.func_186309_a(SourceFile:43)
8.1.1 23-12-2021 23:17:50 Repeat exception x14: Exception when finding JPS path: - net.minecraft.pathfinding.PathPoint @ net.minecraft.pathfinding.Path.func_186309_a(SourceFile:43)
8.1.1 23-12-2021 23:17:50 Repeat exception x15: Exception when finding JPS path: - net.minecraft.pathfinding.PathPoint @ net.minecraft.pathfinding.Path.func_186309_a(SourceFile:43)
8.1.1 23-12-2021 23:17:50 Repeat exception x16: Exception when finding JPS path: - net.minecraft.pathfinding.PathPoint @ net.minecraft.pathfinding.Path.func_186309_a(SourceFile:43)
8.1.1 23-12-2021 23:17:50 Repeat exception x17: Exception when finding JPS path: - net.minecraft.pathfinding.PathPoint @ net.minecraft.pathfinding.Path.func_186309_a(SourceFile:43)
8.1.1 23-12-2021 23:17:50 Repeat exception x18: Exception when finding JPS path: - net.minecraft.pathfinding.PathPoint @ net.minecraft.pathfinding.Path.func_186309_a(SourceFile:43)
8.1.1 23-12-2021 23:17:50 Repeat exception x19: Exception when finding JPS path: - net.minecraft.pathfinding.PathPoint @ net.minecraft.pathfinding.Path.func_186309_a(SourceFile:43)
8.1.1 23-12-2021 23:17:50 Repeat exception x20: Exception when finding JPS path: - net.minecraft.pathfinding.PathPoint @ net.minecraft.pathfinding.Path.func_186309_a(SourceFile:43). This error will no longer be logged in this session.
8.1.1 23-12-2021 23:32:31 ERROR: org.millenaire.common.village.buildingmanagers.PanelManager@1db01794: No TileEntitySign at: -93/74/183
8.1.1 23-12-2021 23:32:36 ERROR: org.millenaire.common.village.buildingmanagers.PanelManager@1db01794: No TileEntitySign at: -93/74/183
8.1.1 23-12-2021 23:32:41 ERROR: org.millenaire.common.village.buildingmanagers.PanelManager@1db01794: No TileEntitySign at: -93/74/183
8.1.1 23-12-2021 23:32:46 ERROR: org.millenaire.common.village.buildingmanagers.PanelManager@1db01794: No TileEntitySign at: -93/74/183
8.1.1 23-12-2021 23:32:51 ERROR: org.millenaire.common.village.buildingmanagers.PanelManager@1db01794: No TileEntitySign at: -93/74/183
8.1.1 23-12-2021 23:32:56 ERROR: org.millenaire.common.village.buildingmanagers.PanelManager@1db01794: No TileEntitySign at: -93/74/183
8.1.1 23-12-2021 23:33:01 ERROR: org.millenaire.common.village.buildingmanagers.PanelManager@1db01794: No TileEntitySign at: -93/74/183
8.1.1 23-12-2021 23:33:32 ERROR: org.millenaire.common.village.buildingmanagers.PanelManager@1db01794: No TileEntitySign at: -93/74/183
8.1.1 23-12-2021 23:33:37 ERROR: org.millenaire.common.village.buildingmanagers.PanelManager@1db01794: No TileEntitySign at: -93/74/183
8.1.1 23-12-2021 23:38:27 Exception when finding JPS path:
8.1.1 23-12-2021 23:38:27 java.lang.ArrayStoreException

8.1.1 23-12-2021 23:47:02 Exception when finding JPS path:
8.1.1 23-12-2021 23:47:02 java.lang.ArrayStoreException

8.1.1 23-12-2021 23:47:02 Exception when finding JPS path:
8.1.1 23-12-2021 23:47:02 java.lang.ArrayStoreException

8.1.1 23-12-2021 23:47:02 Exception when finding JPS path:
8.1.1 23-12-2021 23:47:02 java.lang.ArrayStoreException

8.1.1 23-12-2021 23:47:02 Exception when finding JPS path:
8.1.1 23-12-2021 23:47:02 java.lang.ArrayStoreException

8.1.1 23-12-2021 23:47:02 Repeat exception x6: Exception when finding JPS path: @ 
8.1.1 23-12-2021 23:47:02 Repeat exception x7: Exception when finding JPS path: @ 
8.1.1 23-12-2021 23:47:02 Repeat exception x8: Exception when finding JPS path: @ 
8.1.1 23-12-2021 23:47:02 Repeat exception x9: Exception when finding JPS path: @ 
8.1.1 23-12-2021 23:47:02 Repeat exception x10: Exception when finding JPS path: @ 
8.1.1 23-12-2021 23:47:02 Repeat exception x11: Exception when finding JPS path: @ 
8.1.1 23-12-2021 23:47:06 Repeat exception x12: Exception when finding JPS path: @ 
8.1.1 23-12-2021 23:51:38 Repeat exception x13: Exception when finding JPS path: @ 
8.1.1 23-12-2021 23:53:24 Repeat exception x14: Exception when finding JPS path: @ 
8.1.1 23-12-2021 23:53:24 Repeat exception x15: Exception when finding JPS path: @ 
8.1.1 23-12-2021 23:53:24 Repeat exception x16: Exception when finding JPS path: @ 
8.1.1 23-12-2021 23:54:44 ERROR: org.millenaire.common.village.buildingmanagers.PanelManager@1db01794: No TileEntitySign at: -93/74/183
8.1.1 23-12-2021 23:54:49 ERROR: org.millenaire.common.village.buildingmanagers.PanelManager@1db01794: No TileEntitySign at: -93/74/183
8.1.1 23-12-2021 23:54:54 ERROR: org.millenaire.common.village.buildingmanagers.PanelManager@1db01794: No TileEntitySign at: -93/74/183
8.1.1 23-12-2021 23:55:00 ERROR: org.millenaire.common.village.buildingmanagers.PanelManager@1db01794: No TileEntitySign at: -93/74/183
8.1.1 23-12-2021 23:58:07 ERROR: org.millenaire.common.village.buildingmanagers.PanelManager@1db01794: No TileEntitySign at: -93/74/183
8.1.1 23-12-2021 23:58:12 ERROR: org.millenaire.common.village.buildingmanagers.PanelManager@1db01794: No TileEntitySign at: -93/74/183
8.1.1 23-12-2021 23:58:17 ERROR: org.millenaire.common.village.buildingmanagers.PanelManager@1db01794: No TileEntitySign at: -93/74/183
8.1.1 23-12-2021 23:58:23 ERROR: org.millenaire.common.village.buildingmanagers.PanelManager@1db01794: No TileEntitySign at: -93/74/183
8.1.1 23-12-2021 23:58:28 ERROR: org.millenaire.common.village.buildingmanagers.PanelManager@1db01794: No TileEntitySign at: -93/74/183
8.1.1 23-12-2021 23:58:36 ERROR: org.millenaire.common.village.buildingmanagers.PanelManager@1db01794: No TileEntitySign at: -93/74/183
8.1.1 23-12-2021 23:58:44 ERROR: org.millenaire.common.village.buildingmanagers.PanelManager@1db01794: No TileEntitySign at: -93/74/183
8.1.1 23-12-2021 23:58:49 ERROR: org.millenaire.common.village.buildingmanagers.PanelManager@1db01794: No TileEntitySign at: -93/74/183
8.1.1 23-12-2021 23:58:59 ERROR: org.millenaire.common.village.buildingmanagers.PanelManager@1db01794: No TileEntitySign at: -93/74/183
8.1.1 23-12-2021 23:59:06 ERROR: org.millenaire.common.village.buildingmanagers.PanelManager@1db01794: No TileEntitySign at: -93/74/183
8.1.1 23-12-2021 23:59:24 ERROR: org.millenaire.common.village.buildingmanagers.PanelManager@1db01794: No TileEntitySign at: -93/74/183
8.1.1 23-12-2021 23:59:29 ERROR: org.millenaire.common.village.buildingmanagers.PanelManager@1db01794: No TileEntitySign at: -93/74/183
8.1.1 24-12-2021 00:15:47 ERROR: Qiqsruqaq Pisiqpisiqpiisrhaq/inuit_wife/8125706153629282981/-37/303/222: Villager is far away from village. Despawning him.
8.1.1 24-12-2021 00:26:54 ERROR: org.millenaire.common.village.buildingmanagers.PanelManager@1db01794: No TileEntitySign at: -93/74/183
8.1.1 24-12-2021 00:26:59 ERROR: org.millenaire.common.village.buildingmanagers.PanelManager@1db01794: No TileEntitySign at: -93/74/183
8.1.1 24-12-2021 00:38:49 Repeat exception x17: Exception when finding JPS path: @ 
8.1.1 24-12-2021 00:39:45 Repeat exception x18: Exception when finding JPS path: @ 
8.1.1 24-12-2021 00:39:45 Repeat exception x19: Exception when finding JPS path: @ 
8.1.1 24-12-2021 00:39:45 Repeat exception x20: Exception when finding JPS path: @ . This error will no longer be logged in this session.
8.1.1 24-12-2021 00:45:45 ERROR: org.millenaire.common.village.buildingmanagers.PanelManager@10cc7fb5: No TileEntitySign at: -138/73/168
8.1.1 24-12-2021 01:08:00 ERROR: org.millenaire.common.village.buildingmanagers.PanelManager@e6558c0: No TileEntitySign at: -93/74/183
8.1.1 24-12-2021 01:20:03 ERROR: org.millenaire.common.village.buildingmanagers.PanelManager@e6558c0: No TileEntitySign at: -93/74/183
8.1.1 24-12-2021 01:20:08 ERROR: org.millenaire.common.village.buildingmanagers.PanelManager@e6558c0: No TileEntitySign at: -93/74/183
8.1.1 24-12-2021 02:17:50 ERROR: org.millenaire.client.network.ClientReceiver@51d127f6: Received a packet despite null clientWorld.
8.1.1 24-12-2021 02:17:50 ERROR: org.millenaire.client.network.ClientReceiver@51d127f6: Received a packet despite null clientWorld.
8.1.1 24-12-2021 22:29:55 Starting new session. Mods: examplemod 
8.1.1 24-12-2021 22:35:02 Starting new session. Mods: examplemod 
8.1.1 24-12-2021 22:40:58 Starting new session. Mods: examplemod 
8.1.1 24-12-2021 22:46:39 MAJOR: null: Loading language: en_us
8.1.1 24-12-2021 22:46:57 MAJOR: null: LanguageData loaded: en_us. Wand invitem name: Wand of Summoning
8.1.1 24-12-2021 23:10:19 ERROR: org.millenaire.client.network.ClientReceiver@145f6693: Received a packet despite null clientWorld.
8.1.1 25-12-2021 16:24:35 Starting new session. Mods: examplemod 
8.1.1 25-12-2021 16:28:04 MAJOR: null: Loading language: en_us
8.1.1 25-12-2021 16:28:18 MAJOR: null: LanguageData loaded: en_us. Wand invitem name: Wand of Summoning
8.1.1 25-12-2021 17:38:07 Out of memory error when attempting to load building file C:\Users\Reginald\Documents\Curse\Minecraft\Instances\Freelancer Initiative\saves\Building Test\millenaire\buildings\-339_11_212.gz:
8.1.1 25-12-2021 17:38:07 java.lang.OutOfMemoryError: GC overhead limit exceeded
	at java.util.HashMap.newNode(HashMap.java:1734)
	at java.util.HashMap.putVal(HashMap.java:630)
	at java.util.HashMap.put(HashMap.java:611)
	at net.minecraft.nbt.NBTTagCompound.func_152446_a(NBTTagCompound.java:60)
	at net.minecraft.nbt.NBTTagCompound.func_152449_a(NBTTagCompound.java:497)
	at net.minecraft.nbt.NBTTagCompound.func_152446_a(NBTTagCompound.java:58)
	at net.minecraft.nbt.NBTTagCompound.func_152449_a(NBTTagCompound.java:497)
	at net.minecraft.nbt.NBTTagCompound.func_152446_a(NBTTagCompound.java:58)
	at net.minecraft.nbt.NBTTagCompound.func_152449_a(NBTTagCompound.java:497)
	at net.minecraft.nbt.NBTTagCompound.func_152446_a(NBTTagCompound.java:58)
	at net.minecraft.nbt.NBTTagCompound.func_152449_a(NBTTagCompound.java:497)
	at net.minecraft.nbt.NBTTagCompound.func_152446_a(NBTTagCompound.java:58)
	at net.minecraft.nbt.NBTTagCompound.func_152449_a(NBTTagCompound.java:497)
	at net.minecraft.nbt.NBTTagCompound.func_152446_a(NBTTagCompound.java:58)
	at net.minecraft.nbt.NBTTagCompound.func_152449_a(NBTTagCompound.java:497)
	at net.minecraft.nbt.NBTTagCompound.func_152446_a(NBTTagCompound.java:58)
	at net.minecraft.nbt.NBTTagCompound.func_152449_a(NBTTagCompound.java:497)
	at net.minecraft.nbt.NBTTagCompound.func_152446_a(NBTTagCompound.java:58)
	at net.minecraft.nbt.NBTTagCompound.func_152449_a(NBTTagCompound.java:497)
	at net.minecraft.nbt.NBTTagCompound.func_152446_a(NBTTagCompound.java:58)
	at net.minecraft.nbt.NBTTagCompound.func_152449_a(NBTTagCompound.java:497)
	at net.minecraft.nbt.NBTTagCompound.func_152446_a(NBTTagCompound.java:58)
	at net.minecraft.nbt.NBTTagCompound.func_152449_a(NBTTagCompound.java:497)
	at net.minecraft.nbt.NBTTagCompound.func_152446_a(NBTTagCompound.java:58)
	at net.minecraft.nbt.NBTTagCompound.func_152449_a(NBTTagCompound.java:497)
	at net.minecraft.nbt.NBTTagCompound.func_152446_a(NBTTagCompound.java:58)
	at net.minecraft.nbt.NBTTagCompound.func_152449_a(NBTTagCompound.java:497)
	at net.minecraft.nbt.NBTTagCompound.func_152446_a(NBTTagCompound.java:58)
	at net.minecraft.nbt.NBTTagCompound.func_152449_a(NBTTagCompound.java:497)
	at net.minecraft.nbt.NBTTagCompound.func_152446_a(NBTTagCompound.java:58)
	at net.minecraft.nbt.NBTTagCompound.func_152449_a(NBTTagCompound.java:497)
	at net.minecraft.nbt.NBTTagCompound.func_152446_a(NBTTagCompound.java:58)

8.1.1 25-12-2021 17:48:40 Starting new session. Mods: examplemod 
8.1.1 25-12-2021 17:51:48 MAJOR: null: Loading language: en_us
8.1.1 25-12-2021 17:52:09 MAJOR: null: LanguageData loaded: en_us. Wand invitem name: Wand of Summoning
8.1.1 25-12-2021 18:12:04 Starting new session. Mods: examplemod 
8.1.1 25-12-2021 18:14:36 MAJOR: null: Loading language: en_us
8.1.1 25-12-2021 18:14:38 MAJOR: null: LanguageData loaded: en_us. Wand invitem name: Wand of Summoning
8.1.1 25-12-2021 18:22:47 ERROR: org.millenaire.client.network.ClientReceiver@7ede41f6: Received a packet despite null clientWorld.
8.1.1 25-12-2021 19:42:20 Starting new session. Mods: examplemod 
8.1.1 25-12-2021 19:45:46 MAJOR: null: Loading language: en_us
8.1.1 25-12-2021 19:46:02 MAJOR: null: LanguageData loaded: en_us. Wand invitem name: Wand of Summoning
8.1.1 25-12-2021 19:59:10 ERROR: org.millenaire.client.network.ClientReceiver@1b80680b: Received a packet despite null clientWorld.
8.1.1 26-12-2021 14:42:13 Starting new session. Mods: examplemod 
8.1.1 26-12-2021 14:45:58 MAJOR: null: Loading language: en_us
8.1.1 26-12-2021 14:46:12 MAJOR: null: LanguageData loaded: en_us. Wand invitem name: Wand of Summoning
8.1.1 26-12-2021 16:55:24 ERROR: org.millenaire.common.pathing.atomicstryker.AStarWorkerJPS@55c08f23: Chunk access violation while calculating a path for org.millenaire.common.pathing.atomicstryker.AStarPathPlannerJPS@5b076a33
8.1.1 26-12-2021 17:13:04 ERROR: org.millenaire.common.pathing.atomicstryker.AStarWorkerJPS@6adcdd56: Chunk access violation while calculating a path for org.millenaire.common.pathing.atomicstryker.AStarPathPlannerJPS@641b2fa5
8.1.1 26-12-2021 17:34:58 ERROR: org.millenaire.common.pathing.atomicstryker.AStarWorkerJPS@3e3324b2: Chunk access violation while calculating a path for org.millenaire.common.pathing.atomicstryker.AStarPathPlannerJPS@30f4ccdc
