[14:45:14] [Client thread/INFO] [JMLogger] JourneyMap log initialized.
[14:45:14] [Client thread/INFO] [JourneymapClient] initialize ENTER
[14:45:14] [Client thread/INFO] [?] Version: JourneyMap 1.12.2-5.7.1, built with Forge 14.23.5.2768
Forge: 14.23.5.2860
Environment: os.name, os.arch, java.version, user.country, user.language=null, game language=en_us, locale=en_us
Features: 
	RadarPlayers : singleplayer = true , multiplayer = true
	RadarAnimals : singleplayer = true , multiplayer = true
	RadarMobs : singleplayer = true , multiplayer = true
	RadarVillagers : singleplayer = true , multiplayer = true
	MapTopo : singleplayer = true , multiplayer = true
	MapSurface : singleplayer = true , multiplayer = true
	MapCaves : singleplayer = true , multiplayer = true
MiniMapProperties{state=Valid, file=journeymap.minimap.config, configVersion=5.7.1, zoomLevel=0, showPlayers=true, frameAlpha=100, compassFontScale=1, terrainAlpha=100, showEntityNames=true, enabled=true, showPlayerHeading=true, showVillagers=true, info2Label=Game Time, sizePercent=30, showDayNight=true, info3Label=Location, showMobs=true, showPets=true, preferredMapType=night, showCompass=true, mobDisplay=Small Dots, showReticle=true, orientation=North, systemTimeRealFormat=HH:mm:ss, shape=Circle, showSelf=true, info4Label=Biome, locationFormat=xzyv, playerDisplay=Small Dots, showGrid=true, reticleOrientation=Compass, gameTimeRealFormat=HH:mm:ss, showWaypoints=true, showCaves=true, showAnimals=true, showMobHeading=true, showWaypointLabels=true, locationFormatVerbose=true, position=Top Right, info1Label=Blank, fontScale=1}
MiniMapProperties{state=Valid, file=journeymap.minimap2.config, configVersion=5.7.1, zoomLevel=0, showPlayers=true, frameAlpha=100, compassFontScale=1, terrainAlpha=100, showEntityNames=true, enabled=true, showPlayerHeading=true, showVillagers=true, info2Label=Game Time, sizePercent=30, showDayNight=true, info3Label=Location, showMobs=true, showPets=true, preferredMapType=day, showCompass=true, mobDisplay=Small Dots, showReticle=true, orientation=North, systemTimeRealFormat=HH:mm:ss, shape=Rectangle, showSelf=true, info4Label=Biome, locationFormat=xzyv, playerDisplay=Small Dots, showGrid=true, reticleOrientation=Compass, gameTimeRealFormat=HH:mm:ss, showWaypoints=true, showCaves=true, showAnimals=true, showMobHeading=true, showWaypointLabels=true, locationFormatVerbose=true, position=Top Right, info1Label=Blank, fontScale=1}
FullMapProperties{state=Valid, file=journeymap.fullmap.config, configVersion=5.7.1, mobDisplay=Small Dots, zoomLevel=0, showPlayers=true, showSelf=true, locationFormat=xzyv, playerDisplay=Small Dots, showGrid=true, showEntityNames=true, showPlayerHeading=true, showVillagers=true, showWaypoints=true, showCaves=true, showAnimals=true, showMobHeading=true, showKeys=true, showWaypointLabels=true, locationFormatVerbose=true, showMobs=true, showPets=true, fontScale=1, preferredMapType=day}
WaypointProperties{state=Valid, file=journeymap.waypoint.config, configVersion=5.7.1, autoRemoveDeathpointDistance=2, createDeathpoints=false, showName=true, dateFormat=MM-dd-yyyy, autoRemoveDeathpoints=false, maxDistance=0, autoHideLabel=true, teleportCommand=/tp {name} {x} {y} {z}, showStaticBeam=true, minDistance=4, timeFormat=HH:mm:ss, boldLabel=false, textureSmall=true, showDeathpointlabel=true, showDistance=true, showRotatingBeam=true, fontScale=2, showTexture=true, managerEnabled=true, beaconEnabled=true}
WebMapProperties{state=Valid, file=journeymap.webmap.config, configVersion=5.7.1, zoomLevel=0, showWaypoints=true, showCaves=true, showSelf=true, port=8080, showGrid=true, showEntityNames=true, enabled=false, preferredMapType=day}
CoreProperties{state=Valid, file=journeymap.core.config, configVersion=5.7.1, verboseColorPalette=false, maxPlayersData=32, mapSurfaceAboveCaves=true, optionsManagerViewed=5.7.1, announceMod=true, colorPassive=#bbbbbb, renderOverlayEventTypeName=ALL, mapBlendWater=false, renderDistanceSurfaceMax=7, radarVerticalDistance=16, mapBlendGrass=true, recordCacheStats=false, hideSneakingEntities=true, revealShape=Circle, alwaysMapSurface=false, colorVillager=#88e188, mapPlants=false, colorPet=#0077ff, radarLateralDistance=64, mapBathymetry=false, mapCrops=true, maxMobsData=32, mapPlantShadows=false, alwaysMapCaves=false, checkUpdates=true, browserPoll=2000, mapBlendFoliage=true, mappingEnabled=true, colorPlayer=#ffffff, tileHighDisplayQuality=true, cacheVillagersData=2200, logLevel=INFO, maxVillagersData=32, maxAnimalsData=32, mapTransparency=true, tileRenderType=1, caveIgnoreGlass=true, mapTopography=true, renderDistanceCaveMax=3, mapAntialiasing=true, colorSelf=#0000ff, cachePlayersData=2000, cacheMobsData=3000, cachePlayerData=1000, splashViewed=5.7.1, colorHostile=#ff0000, cacheAnimalsData=3100, themeName=OceanMonument, mapCaveLighting=true, renderDelay=2, renderOverlayPreEvent=true, autoMapPoll=2000}
[14:45:14] [Client thread/INFO] [ClientAPI] [ClientAPI] built with JourneyMap API 1.4
[14:45:14] [Client thread/INFO] [PluginHelper] Initializing plugins with Client API: journeymap.client.api.impl.ClientAPI
[14:45:14] [Client thread/INFO] [JourneymapClient] initialize EXIT, elapsed count 0 avg ?ms
[14:46:28] [Client thread/ERROR] [FileHandler] Couldn't locate icons for Default: C:\Users\Reginald\Documents\Curse\Minecraft\Instances\Freelancer%20Initiative\mods\journeymap-1.12.2-5.7.1.jar\assets\journeymap\icon\entity
[14:46:28] [Client thread/INFO] [IconSetFileHandler] Added entity icons from journeymap:icon/entity. Success: false
[14:46:28] [Client thread/ERROR] [FileHandler] Couldn't locate icons for flat: C:\Users\Reginald\Documents\Curse\Minecraft\Instances\Freelancer%20Initiative\mods\journeymap-1.12.2-5.7.1.jar\assets\journeymap\theme\flat
[14:46:28] [Client thread/INFO] [ThemeLoader] Preloaded theme textures: 0
[16:49:13] [Client thread/INFO] [ModBlockDelegate] Custom modded block handling enabled for bibliocraft
[16:49:13] [Client thread/INFO] [WaypointStore] Loaded 0 waypoints from C:\Users\Reginald\Documents\Curse\Minecraft\Instances\Freelancer Initiative\journeymap\data\sp\New World\waypoints
[16:49:14] [Client thread/INFO] [JourneymapClient] Mapping started in C:\Users\Reginald\Documents\Curse\Minecraft\Instances\Freelancer Initiative\journeymap\data\sp\New World\DIM0. Memory: 5560MB total, 1579MB free 
[16:49:14] [Client thread/INFO] [ChatLog] JourneyMap: Press [J]
[17:25:18] [Client thread/WARN] [StatTimer] TileDrawStep.updateRegionTexture was slow: 64.752067 (Warning limit reached)
[17:25:18] [Client thread/WARN] [StatTimer] TileDrawStep.updateRegionTexture: Avg:     0.01ms, Min:        0ms, Max:     379.97ms, Total:          3 sec, Count:   315042, Canceled:        0, Slow:       10
[17:41:42] [Client thread/INFO] [JourneymapClient] Mapping halted in C:\Users\Reginald\Documents\Curse\Minecraft\Instances\Freelancer Initiative\journeymap\data\sp\New World\DIM0
[18:02:36] [Client thread/INFO] [WaypointStore] Loaded 0 waypoints from C:\Users\Reginald\Documents\Curse\Minecraft\Instances\Freelancer Initiative\journeymap\data\sp\New World\waypoints
[18:02:36] [Client thread/INFO] [JourneymapClient] Mapping started in C:\Users\Reginald\Documents\Curse\Minecraft\Instances\Freelancer Initiative\journeymap\data\sp\New World\DIM0. Memory: 5921MB total, 1975MB free 
[18:10:28] [Client thread/INFO] [JourneymapClient] Mapping halted in C:\Users\Reginald\Documents\Curse\Minecraft\Instances\Freelancer Initiative\journeymap\data\sp\New World\DIM0
